mode: set
typovraktv/config/app/require-env.go:9.25,18.33 2 1
typovraktv/config/app/require-env.go:18.33,20.15 2 1
typovraktv/config/app/require-env.go:20.15,23.43 2 1
typovraktv/config/app/require-env.go:23.43,25.5 1 0
typovraktv/config/app/require-env.go:27.4,27.26 1 1
typovraktv/config/app/require-env.go:31.2,31.41 1 1
typovraktv/config/app/require-env.go:31.41,33.3 1 0
typovraktv/config/app/require-env.go:35.2,35.12 1 1
typovraktv/handlers/index.go:11.55,12.23 1 1
typovraktv/handlers/index.go:12.23,16.3 3 0
typovraktv/handlers/index.go:18.2,18.41 1 1
typovraktv/handlers/index.go:18.41,20.17 2 0
typovraktv/handlers/index.go:20.17,23.4 2 0
typovraktv/handlers/index.go:25.3,26.17 2 0
typovraktv/handlers/index.go:26.17,29.4 2 0
typovraktv/handlers/index.go:31.3,33.26 3 0
typovraktv/handlers/index.go:36.2,49.4 1 1
typovraktv/handlers/not-found.go:9.58,26.2 2 1
typovraktv/handlers/redirections.go:8.57,10.2 1 1
typovraktv/handlers/redirections.go:12.57,14.2 1 1
typovraktv/handlers/redirections.go:16.56,18.2 1 1
typovraktv/handlers/redirections.go:20.59,22.2 1 1
typovraktv/handlers/redirections.go:24.56,26.2 1 1
typovraktv/routes/assets.go:8.15,10.2 1 1
typovraktv/routes/coffee.go:8.15,10.2 1 1
typovraktv/routes/discord.go:8.16,10.2 1 1
typovraktv/routes/index.go:8.14,12.2 1 1
typovraktv/routes/instagram.go:8.18,10.2 1 1
typovraktv/routes/metrics.go:9.16,11.2 1 1
typovraktv/routes/not-found.go:8.17,10.2 1 1
typovraktv/routes/tiktok.go:8.15,10.2 1 1
typovraktv/routes/youtube.go:8.16,10.2 1 1
typovraktv/services/github.go:25.92,27.15 1 1
typovraktv/services/github.go:27.15,29.3 1 0
typovraktv/services/github.go:31.2,32.16 2 1
typovraktv/services/github.go:32.16,34.3 1 0
typovraktv/services/github.go:36.2,39.16 3 1
typovraktv/services/github.go:39.16,41.3 1 0
typovraktv/services/github.go:42.2,45.65 3 1
typovraktv/services/github.go:45.65,47.3 1 0
typovraktv/services/github.go:49.2,49.19 1 1
typovraktv/services/github.go:52.75,53.18 1 1
typovraktv/services/github.go:53.18,55.3 1 0
typovraktv/services/github.go:57.2,60.29 3 1
typovraktv/services/github.go:60.29,61.54 1 1
typovraktv/services/github.go:61.54,65.4 3 1
typovraktv/services/github.go:68.2,68.48 1 1
typovraktv/services/template.go:112.79,115.49 2 1
typovraktv/services/template.go:115.49,116.35 1 1
typovraktv/services/template.go:116.35,118.4 1 1
typovraktv/services/template.go:121.2,131.16 4 1
typovraktv/services/template.go:131.16,134.3 2 1
